<?xml version="1.0" encoding="UTF-8"?>
<!-- Generated by org.testng.reporters.JUnitReportReporter -->
<testsuite hostname="LAPTOP-FBRVOBEM" failures="0" tests="3" name="testng.PriorityClass" time="0.005" errors="0" timestamp="2022-10-13T19:32:40 IST" skipped="0">
  <testcase classname="testng.PriorityClass" name="a" time="0.001"/>
  <system-out/>
  <testcase classname="testng.PriorityClass" name="a" time="0.004"/>
  <system-out/>
  <testcase classname="testng.PriorityClass" name="b" time="0.000"/>
  <system-out/>
</testsuite> <!-- testng.PriorityClass -->
