<?xml version="1.0" encoding="UTF-8"?>
<!-- Generated by org.testng.reporters.JUnitReportReporter -->
<testsuite hostname="LAPTOP-FBRVOBEM" failures="0" tests="1" name="testng.AnnotationsClass" time="0.002" errors="0" timestamp="2022-10-13T19:32:40 IST" skipped="0">
  <testcase classname="testng.AnnotationsClass" name="test123" time="0.002"/>
  <system-out/>
</testsuite> <!-- testng.AnnotationsClass -->
