<?xml version="1.0" encoding="UTF-8"?>
<!-- Generated by org.testng.reporters.JUnitReportReporter -->
<testsuite hostname="LAPTOP-FBRVOBEM" failures="0" tests="2" name="testtestng.SoftAssertEx" time="0.018" errors="0" timestamp="06 Oct 2022 18:12:35 GMT" skipped="0">
  <testcase classname="testtestng.SoftAssertEx" name="assertequals" time="0.014"/>
  <testcase classname="testtestng.SoftAssertEx" name="assertTrue" time="0.004"/>
</testsuite> <!-- testtestng.SoftAssertEx -->
